# JRE version: Java(TM) SE Runtime Environment (8.0_51-b16) (build 1.8.0_51-b16)
# Java VM: Java HotSpot(TM) 64-Bit Server VM (25.51-b03 mixed mode bsd-amd64 compressed oops)
Heap:
 PSYoungGen      total 38400K, used 6447K [0x0000000795580000, 0x0000000799880000, 0x00000007c0000000)
  eden space 33280K, 4% used [0x0000000795580000,0x00000007956d3510,0x0000000797600000)
  from space 5120K, 99% used [0x0000000797600000,0x0000000797af8870,0x0000000797b00000)
  to   space 5120K, 0% used [0x0000000799380000,0x0000000799380000,0x0000000799880000)
 ParOldGen       total 48128K, used 14230K [0x0000000740000000, 0x0000000742f00000, 0x0000000795580000)
  object space 48128K, 29% used [0x0000000740000000,0x0000000740de58c8,0x0000000742f00000)
 Metaspace       used 22521K, capacity 22860K, committed 23168K, reserved 1069056K
  class space    used 3345K, capacity 3442K, committed 3456K, reserved 1048576K
GC Heap History (8 events):
Event: 4.475 GC heap before
{Heap before GC invocations=1 (full 0):
 PSYoungGen      total 38400K, used 33280K [0x0000000795580000, 0x0000000798000000, 0x00000007c0000000)
  eden space 33280K, 100% used [0x0000000795580000,0x0000000797600000,0x0000000797600000)
  from space 5120K, 0% used [0x0000000797b00000,0x0000000797b00000,0x0000000798000000)
  to   space 5120K, 0% used [0x0000000797600000,0x0000000797600000,0x0000000797b00000)
 ParOldGen       total 87552K, used 0K [0x0000000740000000, 0x0000000745580000, 0x0000000795580000)
  object space 87552K, 0% used [0x0000000740000000,0x0000000740000000,0x0000000745580000)
 Metaspace       used 20184K, capacity 20500K, committed 20736K, reserved 1067008K
  class space    used 3123K, capacity 3212K, committed 3328K, reserved 1048576K
Event: 4.484 GC heap after
Heap after GC invocations=1 (full 0):
 PSYoungGen      total 38400K, used 5114K [0x0000000795580000, 0x0000000798000000, 0x00000007c0000000)
  eden space 33280K, 0% used [0x0000000795580000,0x0000000795580000,0x0000000797600000)
  from space 5120K, 99% used [0x0000000797600000,0x0000000797afe9b8,0x0000000797b00000)
  to   space 5120K, 0% used [0x0000000797b00000,0x0000000797b00000,0x0000000798000000)
 ParOldGen       total 87552K, used 2312K [0x0000000740000000, 0x0000000745580000, 0x0000000795580000)
  object space 87552K, 2% used [0x0000000740000000,0x00000007402421a8,0x0000000745580000)
 Metaspace       used 20184K, capacity 20500K, committed 20736K, reserved 1067008K
  class space    used 3123K, capacity 3212K, committed 3328K, reserved 1048576K
}
Event: 4.654 GC heap before
{Heap before GC invocations=2 (full 0):
 PSYoungGen      total 38400K, used 9355K [0x0000000795580000, 0x0000000798000000, 0x00000007c0000000)
  eden space 33280K, 12% used [0x0000000795580000,0x00000007959a44d0,0x0000000797600000)
  from space 5120K, 99% used [0x0000000797600000,0x0000000797afe9b8,0x0000000797b00000)
  to   space 5120K, 0% used [0x0000000797b00000,0x0000000797b00000,0x0000000798000000)
 ParOldGen       total 87552K, used 2312K [0x0000000740000000, 0x0000000745580000, 0x0000000795580000)
  object space 87552K, 2% used [0x0000000740000000,0x00000007402421a8,0x0000000745580000)
 Metaspace       used 20850K, capacity 21114K, committed 21248K, reserved 1067008K
  class space    used 3216K, capacity 3309K, committed 3328K, reserved 1048576K
Event: 4.664 GC heap after
Heap after GC invocations=2 (full 0):
 PSYoungGen      total 38400K, used 5117K [0x0000000795580000, 0x000000079a080000, 0x00000007c0000000)
  eden space 33280K, 0% used [0x0000000795580000,0x0000000795580000,0x0000000797600000)
  from space 5120K, 99% used [0x0000000797b00000,0x0000000797fff500,0x0000000798000000)
  to   space 5120K, 0% used [0x0000000797600000,0x0000000797600000,0x0000000797b00000)
 ParOldGen       total 87552K, used 2464K [0x0000000740000000, 0x0000000745580000, 0x0000000795580000)
  object space 87552K, 2% used [0x0000000740000000,0x00000007402681a8,0x0000000745580000)
 Metaspace       used 20850K, capacity 21114K, committed 21248K, reserved 1067008K
  class space    used 3216K, capacity 3309K, committed 3328K, reserved 1048576K
}
Event: 4.664 GC heap before
{Heap before GC invocations=3 (full 1):
 PSYoungGen      total 38400K, used 5117K [0x0000000795580000, 0x000000079a080000, 0x00000007c0000000)
  eden space 33280K, 0% used [0x0000000795580000,0x0000000795580000,0x0000000797600000)
  from space 5120K, 99% used [0x0000000797b00000,0x0000000797fff500,0x0000000798000000)
  to   space 5120K, 0% used [0x0000000797600000,0x0000000797600000,0x0000000797b00000)
 ParOldGen       total 87552K, used 2464K [0x0000000740000000, 0x0000000745580000, 0x0000000795580000)
  object space 87552K, 2% used [0x0000000740000000,0x00000007402681a8,0x0000000745580000)
 Metaspace       used 20850K, capacity 21114K, committed 21248K, reserved 1067008K
  class space    used 3216K, capacity 3309K, committed 3328K, reserved 1048576K
Event: 4.692 GC heap after
Heap after GC invocations=3 (full 1):
 PSYoungGen      total 38400K, used 0K [0x0000000795580000, 0x000000079a080000, 0x00000007c0000000)
  eden space 33280K, 0% used [0x0000000795580000,0x0000000795580000,0x0000000797600000)
  from space 5120K, 0% used [0x0000000797b00000,0x0000000797b00000,0x0000000798000000)
  to   space 5120K, 0% used [0x0000000797600000,0x0000000797600000,0x0000000797b00000)
 ParOldGen       total 48128K, used 5270K [0x0000000740000000, 0x0000000742f00000, 0x0000000795580000)
  object space 48128K, 10% used [0x0000000740000000,0x0000000740525898,0x0000000742f00000)
 Metaspace       used 20850K, capacity 21114K, committed 21248K, reserved 1067008K
  class space    used 3216K, capacity 3309K, committed 3328K, reserved 1048576K
}
Event: 231.331 GC heap before
{Heap before GC invocations=4 (full 1):
 PSYoungGen      total 38400K, used 33139K [0x0000000795580000, 0x000000079a080000, 0x00000007c0000000)
  eden space 33280K, 99% used [0x0000000795580000,0x00000007975dcd18,0x0000000797600000)
  from space 5120K, 0% used [0x0000000797b00000,0x0000000797b00000,0x0000000798000000)
  to   space 5120K, 0% used [0x0000000797600000,0x0000000797600000,0x0000000797b00000)
 ParOldGen       total 48128K, used 5270K [0x0000000740000000, 0x0000000742f00000, 0x0000000795580000)
  object space 48128K, 10% used [0x0000000740000000,0x0000000740525898,0x0000000742f00000)
 Metaspace       used 22518K, capacity 22860K, committed 23168K, reserved 1069056K
  class space    used 3345K, capacity 3442K, committed 3456K, reserved 1048576K
Event: 231.337 GC heap after
Heap after GC invocations=4 (full 1):
 PSYoungGen      total 38400K, used 5090K [0x0000000795580000, 0x0000000799880000, 0x00000007c0000000)
  eden space 33280K, 0% used [0x0000000795580000,0x0000000795580000,0x0000000797600000)
  from space 5120K, 99% used [0x0000000797600000,0x0000000797af8870,0x0000000797b00000)
  to   space 5120K, 0% used [0x0000000799380000,0x0000000799380000,0x0000000799880000)
 ParOldGen       total 48128K, used 14230K [0x0000000740000000, 0x0000000742f00000, 0x0000000795580000)
  object space 48128K, 29% used [0x0000000740000000,0x0000000740de58c8,0x0000000742f00000)
 Metaspace       used 22518K, capacity 22860K, committed 23168K, reserved 1069056K
  class space    used 3345K, capacity 3442K, committed 3456K, reserved 1048576K
}

